connected to 127.0.0.1:8081
socket connected. socket fd: 4 remote_ip:127.0.0.1 remote_port:8081 local_ip: local_port:0
 Connected.
number_of_messages: 10
sending: 1000
clientA Sent Async:
sending: 1001
clientA Sent Async:
sending: 1002
clientA Sent Async:
sending: 1003
clientA Sent Async:
sending: 1004
clientA Sent Async:
sending: 1005
clientA Sent Async:
sending: 1006
clientA Sent Async:
sending: 1007
clientA Sent Async:
sending: 1008
clientA Sent Async:
sending: 1009
clientA Sent Async:
Failed to read data. socket_fd:4
socket disconnected. socket fd: -1 ip:127.0.0.1 port:8081 erorr: 
clientA Disconnected.
Failed to remove socket_fd from epoll. socket_fd:-1
socket disconnected. socket fd: -1 ip:127.0.0.1 port:8081 erorr: 
clientA Disconnected.
